<?xml version="1.0" encoding="UTF-8"?>
<coverage generated="1651774758953" clover="3.2.0">
  <project timestamp="1651774758953" name="All files">
    <metrics statements="18" coveredstatements="18" conditionals="8" coveredconditionals="5" methods="6" coveredmethods="6" elements="32" coveredelements="29" complexity="0" loc="18" ncloc="18" packages="1" files="3" classes="3"/>
    <file name="displayTask.js" path="C:\Users\HP\Desktop\brian todo\Sneak-peek-To-do-list\src\displayTask.js">
      <metrics statements="5" coveredstatements="5" conditionals="2" coveredconditionals="1" methods="2" coveredmethods="2"/>
      <line num="2" count="2" type="stmt"/>
      <line num="3" count="2" type="stmt"/>
      <line num="4" count="2" type="cond" truecount="1" falsecount="1"/>
      <line num="5" count="2" type="stmt"/>
      <line num="6" count="2" type="stmt"/>
    </file>
    <file name="tasks.js" path="C:\Users\HP\Desktop\brian todo\Sneak-peek-To-do-list\src\tasks.js">
      <metrics statements="4" coveredstatements="4" conditionals="2" coveredconditionals="2" methods="2" coveredmethods="2"/>
      <line num="3" count="3" type="cond" truecount="2" falsecount="0"/>
      <line num="7" count="2" type="stmt"/>
      <line num="12" count="2" type="stmt"/>
      <line num="13" count="2" type="stmt"/>
    </file>
    <file name="updateUi.js" path="C:\Users\HP\Desktop\brian todo\Sneak-peek-To-do-list\src\updateUi.js">
      <metrics statements="9" coveredstatements="9" conditionals="4" coveredconditionals="2" methods="2" coveredmethods="2"/>
      <line num="3" count="1" type="stmt"/>
      <line num="5" count="1" type="stmt"/>
      <line num="6" count="1" type="cond" truecount="1" falsecount="1"/>
      <line num="7" count="1" type="stmt"/>
      <line num="8" count="1" type="cond" truecount="1" falsecount="1"/>
      <line num="9" count="1" type="stmt"/>
      <line num="10" count="1" type="stmt"/>
      <line num="14" count="1" type="stmt"/>
      <line num="15" count="1" type="stmt"/>
    </file>
  </project>
</coverage>
