{"C:\\Users\\HP\\Desktop\\brian todo\\Sneak-peek-To-do-list\\src\\displayTask.js": {"path":"C:\\Users\\HP\\Desktop\\brian todo\\Sneak-peek-To-do-list\\src\\displayTask.js","statementMap":{"0":{"start":{"line":2,"column":19},"end":{"line":2,"column":55}},"1":{"start":{"line":3,"column":20},"end":{"line":3,"column":61}},"2":{"start":{"line":4,"column":2},"end":{"line":17,"column":3}},"3":{"start":{"line":5,"column":4},"end":{"line":16,"column":7}},"4":{"start":{"line":6,"column":6},"end":{"line":15,"column":8}}},"fnMap":{"0":{"name":"displayTask","decl":{"start":{"line":1,"column":9},"end":{"line":1,"column":20}},"loc":{"start":{"line":1,"column":23},"end":{"line":18,"column":1}},"line":1},"1":{"name":"(anonymous_1)","decl":{"start":{"line":5,"column":22},"end":{"line":5,"column":23}},"loc":{"start":{"line":5,"column":32},"end":{"line":16,"column":5}},"line":5}},"branchMap":{"0":{"loc":{"start":{"line":4,"column":2},"end":{"line":17,"column":3}},"type":"if","locations":[{"start":{"line":4,"column":2},"end":{"line":17,"column":3}},{"start":{},"end":{}}],"line":4}},"s":{"0":2,"1":2,"2":2,"3":2,"4":2},"f":{"0":2,"1":2},"b":{"0":[2,0]},"_coverageSchema":"1a1c01bbd47fc00a2c39e90264f33305004495a9","hash":"1f3b3042cbd705ce44efd22a40c69d0d848383b7"}
,"C:\\Users\\HP\\Desktop\\brian todo\\Sneak-peek-To-do-list\\src\\tasks.js": {"path":"C:\\Users\\HP\\Desktop\\brian todo\\Sneak-peek-To-do-list\\src\\tasks.js","statementMap":{"0":{"start":{"line":3,"column":4},"end":{"line":3,"column":65}},"1":{"start":{"line":7,"column":17},"end":{"line":11,"column":5}},"2":{"start":{"line":12,"column":4},"end":{"line":12,"column":26}},"3":{"start":{"line":13,"column":4},"end":{"line":13,"column":62}}},"fnMap":{"0":{"name":"(anonymous_0)","decl":{"start":{"line":2,"column":2},"end":{"line":2,"column":3}},"loc":{"start":{"line":2,"column":16},"end":{"line":4,"column":3}},"line":2},"1":{"name":"(anonymous_1)","decl":{"start":{"line":6,"column":2},"end":{"line":6,"column":3}},"loc":{"start":{"line":6,"column":19},"end":{"line":14,"column":3}},"line":6}},"branchMap":{"0":{"loc":{"start":{"line":3,"column":17},"end":{"line":3,"column":64}},"type":"binary-expr","locations":[{"start":{"line":3,"column":17},"end":{"line":3,"column":58}},{"start":{"line":3,"column":62},"end":{"line":3,"column":64}}],"line":3}},"s":{"0":3,"1":2,"2":2,"3":2},"f":{"0":3,"1":2},"b":{"0":[3,3]},"_coverageSchema":"1a1c01bbd47fc00a2c39e90264f33305004495a9","hash":"113535e3cee991bd50e153e37470dabcdf4314bb"}
,"C:\\Users\\HP\\Desktop\\brian todo\\Sneak-peek-To-do-list\\src\\updateUi.js": {"path":"C:\\Users\\HP\\Desktop\\brian todo\\Sneak-peek-To-do-list\\src\\updateUi.js","statementMap":{"0":{"start":{"line":3,"column":16},"end":{"line":3,"column":26}},"1":{"start":{"line":5,"column":20},"end":{"line":5,"column":61}},"2":{"start":{"line":6,"column":2},"end":{"line":13,"column":3}},"3":{"start":{"line":7,"column":4},"end":{"line":12,"column":7}},"4":{"start":{"line":8,"column":6},"end":{"line":11,"column":7}},"5":{"start":{"line":9,"column":23},"end":{"line":9,"column":46}},"6":{"start":{"line":10,"column":8},"end":{"line":10,"column":36}},"7":{"start":{"line":14,"column":2},"end":{"line":14,"column":28}},"8":{"start":{"line":15,"column":2},"end":{"line":15,"column":59}}},"fnMap":{"0":{"name":"updateUi","decl":{"start":{"line":4,"column":24},"end":{"line":4,"column":32}},"loc":{"start":{"line":4,"column":37},"end":{"line":16,"column":1}},"line":4},"1":{"name":"(anonymous_1)","decl":{"start":{"line":7,"column":22},"end":{"line":7,"column":23}},"loc":{"start":{"line":7,"column":32},"end":{"line":12,"column":5}},"line":7}},"branchMap":{"0":{"loc":{"start":{"line":6,"column":2},"end":{"line":13,"column":3}},"type":"if","locations":[{"start":{"line":6,"column":2},"end":{"line":13,"column":3}},{"start":{},"end":{}}],"line":6},"1":{"loc":{"start":{"line":8,"column":6},"end":{"line":11,"column":7}},"type":"if","locations":[{"start":{"line":8,"column":6},"end":{"line":11,"column":7}},{"start":{},"end":{}}],"line":8}},"s":{"0":1,"1":1,"2":1,"3":1,"4":1,"5":1,"6":1,"7":1,"8":1},"f":{"0":1,"1":1},"b":{"0":[1,0],"1":[1,0]},"_coverageSchema":"1a1c01bbd47fc00a2c39e90264f33305004495a9","hash":"7288fe54418800c1ac6c7d0aa238e59bc87b90a0"}
}
